<?xml version="1.0" encoding="UTF-8"?>
<testsuite xmlns:xsi="http://www.w3.org/2001/XMLSchema-instance" xsi:noNamespaceSchemaLocation="https://maven.apache.org/surefire/maven-surefire-plugin/xsd/surefire-test-report.xsd" version="3.0.2" name="com.andrei.demo.service.SecurityServiceTests" time="0.024" tests="3" errors="0" skipped="0" failures="0">
  <properties>
[...]
</properties>
  <testcase name="testLoginSuccess" classname="com.andrei.demo.service.SecurityServiceTests" time="0.016"/>
  <testcase name="testLoginIncorrectPassword" classname="com.andrei.demo.service.SecurityServiceTests" time="0.005"/>
  <testcase name="testLoginEmailNotFound" classname="com.andrei.demo.service.SecurityServiceTests" time="0.002"/>
</testsuite>